Using pre-set license
Built from '2020.3/staging' branch; Version is '2020.3.0f1 (c7b5465681fb) revision 13088070'; Using compiler version '192528614'; Build Type 'Release'
OS: 'Windows 10 Home; OS build 19042.804; Version 2009; 64bit' Language: 'en' Physical Memory: 8067 MB
BatchMode: 1, IsHumanControllingUs: 0, StartBugReporterOnCrash: 0, Is64bit: 1, IsPro: 0

 COMMAND LINE ARGUMENTS:
C:\Program Files\Unity\Hub\Editor\2020.3.0f1\Editor\Unity.exe
-adb2
-batchMode
-noUpm
-name
AssetImportWorker0
-projectPath
C:/Users/guple/Documents/GitHub/UnityEssentials/Unity Essentials
-logFile
Logs/AssetImportWorker0.log
-srvPort
56127
Successfully changed project path to: C:/Users/guple/Documents/GitHub/UnityEssentials/Unity Essentials
C:/Users/guple/Documents/GitHub/UnityEssentials/Unity Essentials
Using Asset Import Pipeline V2.
Refreshing native plugins compatible for Editor in 29.56 ms, found 0 plugins.
Preloading 0 native plugins for Editor in 0.00 ms.
Initialize engine version: 2020.3.0f1 (c7b5465681fb)
[Subsystems] Discovering subsystems at path C:/Program Files/Unity/Hub/Editor/2020.3.0f1/Editor/Data/Resources/UnitySubsystems
[Subsystems] Discovering subsystems at path C:/Users/guple/Documents/GitHub/UnityEssentials/Unity Essentials/Assets
GfxDevice: creating device client; threaded=0
Direct3D:
    Version:  Direct3D 11.0 [level 11.1]
    Renderer: Intel(R) HD Graphics 630 (ID=0x591b)
    Vendor:   
    VRAM:     4033 MB
    Driver:   27.20.100.8681
Initialize mono
Mono path[0] = 'C:/Program Files/Unity/Hub/Editor/2020.3.0f1/Editor/Data/Managed'
Mono path[1] = 'C:/Program Files/Unity/Hub/Editor/2020.3.0f1/Editor/Data/MonoBleedingEdge/lib/mono/unityjit'
Mono config path = 'C:/Program Files/Unity/Hub/Editor/2020.3.0f1/Editor/Data/MonoBleedingEdge/etc'
Using monoOptions --debugger-agent=transport=dt_socket,embedding=1,server=y,suspend=n,address=127.0.0.1:56704
Begin MonoManager ReloadAssembly
Registering precompiled unity dll's ...
Register platform support module: C:/Program Files/Unity/Hub/Editor/2020.3.0f1/Editor/Data/PlaybackEngines/WindowsStandaloneSupport/UnityEditor.WindowsStandalone.Extensions.dll
Registered in 0.003233 seconds.
Native extension for WindowsStandalone target not found
Refreshing native plugins compatible for Editor in 29.39 ms, found 0 plugins.
Preloading 0 native plugins for Editor in 0.00 ms.
Invoked RoslynAnalysisRunner static constructor.
RoslynAnalysisRunner will not be running.
RoslynAnalysisRunner has terminated.
Mono: successfully reloaded assembly
- Completed reload, in  1.661 seconds
Platform modules already initialized, skipping
Registering precompiled user dll's ...
Registered in 0.001226 seconds.
Begin MonoManager ReloadAssembly
Native extension for WindowsStandalone target not found
Refreshing native plugins compatible for Editor in 33.18 ms, found 0 plugins.
Preloading 0 native plugins for Editor in 0.00 ms.
Invoked RoslynAnalysisRunner static constructor.
RoslynAnalysisRunner will not be running.
RoslynAnalysisRunner has terminated.
Mono: successfully reloaded assembly
- Completed reload, in  1.208 seconds
Platform modules already initialized, skipping
========================================================================
Worker process is ready to serve import requests
Launched and connected shader compiler UnityShaderCompiler.exe after 0.05 seconds
Refreshing native plugins compatible for Editor in 0.31 ms, found 0 plugins.
Preloading 0 native plugins for Editor in 0.00 ms.
Unloading 1265 Unused Serialized files (Serialized files now loaded: 0)
System memory in use before: 61.4 MB.
System memory in use after: 61.5 MB.

Unloading 10 unused Assets to reduce memory usage. Loaded Objects now: 1714.
Total: 3.209400 ms (FindLiveObjects: 0.264200 ms CreateObjectMapping: 0.175200 ms MarkObjects: 2.655100 ms  DeleteObjects: 0.112500 ms)

========================================================================
Received Import Request.
  path: Assets/Essentials/Scripts/Utils.cs
  artifactKey: Guid(6bc67bb6f0046aa42aa63d0f0bd44a7c) Importer(815301076,1909f56bfc062723c751e8b465ee728b)
Start importing Assets/Essentials/Scripts/Utils.cs using Guid(6bc67bb6f0046aa42aa63d0f0bd44a7c) Importer(815301076,1909f56bfc062723c751e8b465ee728b)  -> (artifact id: 'e565d666d713ea8bb807de24abd3beee') in 0.058518 seconds
  Import took 0.062539 seconds .

========================================================================
Received Prepare
Registering precompiled user dll's ...
Registered in 0.001241 seconds.
Begin MonoManager ReloadAssembly
Native extension for WindowsStandalone target not found
Refreshing native plugins compatible for Editor in 0.47 ms, found 0 plugins.
Preloading 0 native plugins for Editor in 0.00 ms.
Invoked RoslynAnalysisRunner static constructor.
RoslynAnalysisRunner will not be running.
RoslynAnalysisRunner has terminated.
Mono: successfully reloaded assembly
- Completed reload, in  0.902 seconds
Platform modules already initialized, skipping
Refreshing native plugins compatible for Editor in 0.31 ms, found 0 plugins.
Preloading 0 native plugins for Editor in 0.00 ms.
Unloading 1260 Unused Serialized files (Serialized files now loaded: 0)
System memory in use before: 61.4 MB.
System memory in use after: 61.5 MB.

Unloading 5 unused Assets to reduce memory usage. Loaded Objects now: 1717.
Total: 2.212600 ms (FindLiveObjects: 0.214400 ms CreateObjectMapping: 0.064200 ms MarkObjects: 1.897500 ms  DeleteObjects: 0.035400 ms)

========================================================================
Received Import Request.
  Time since last request: 494.896713 seconds.
  path: Assets/Essentials/Scripts/Utils.cs
  artifactKey: Guid(6bc67bb6f0046aa42aa63d0f0bd44a7c) Importer(815301076,1909f56bfc062723c751e8b465ee728b)
Start importing Assets/Essentials/Scripts/Utils.cs using Guid(6bc67bb6f0046aa42aa63d0f0bd44a7c) Importer(815301076,1909f56bfc062723c751e8b465ee728b)  -> (artifact id: '9122491272ed98cb2dddb4181aae7311') in 0.006424 seconds
  Import took 0.008691 seconds .

========================================================================
Received Prepare
Registering precompiled user dll's ...
Registered in 0.001481 seconds.
Begin MonoManager ReloadAssembly
Native extension for WindowsStandalone target not found
Refreshing native plugins compatible for Editor in 0.42 ms, found 0 plugins.
Preloading 0 native plugins for Editor in 0.00 ms.
Invoked RoslynAnalysisRunner static constructor.
RoslynAnalysisRunner will not be running.
RoslynAnalysisRunner has terminated.
Mono: successfully reloaded assembly
- Completed reload, in  0.892 seconds
Platform modules already initialized, skipping
Refreshing native plugins compatible for Editor in 0.22 ms, found 0 plugins.
Preloading 0 native plugins for Editor in 0.00 ms.
Unloading 1260 Unused Serialized files (Serialized files now loaded: 0)
System memory in use before: 61.4 MB.
System memory in use after: 61.5 MB.

Unloading 5 unused Assets to reduce memory usage. Loaded Objects now: 1720.
Total: 2.967500 ms (FindLiveObjects: 0.114400 ms CreateObjectMapping: 0.037600 ms MarkObjects: 2.796600 ms  DeleteObjects: 0.017900 ms)

========================================================================
Received Import Request.
  Time since last request: 77.466470 seconds.
  path: Assets/Essentials/Scripts/Utils.cs
  artifactKey: Guid(6bc67bb6f0046aa42aa63d0f0bd44a7c) Importer(815301076,1909f56bfc062723c751e8b465ee728b)
Start importing Assets/Essentials/Scripts/Utils.cs using Guid(6bc67bb6f0046aa42aa63d0f0bd44a7c) Importer(815301076,1909f56bfc062723c751e8b465ee728b)  -> (artifact id: '9e524794665780a83763c1a28c19fadf') in 0.005851 seconds
  Import took 0.011298 seconds .

AssetImportWorkerClient::OnTransportError - code=2 error=End of file
